0 info it worked if it ends with ok
1 verbose cli [ 'node', '/usr/local/bin/npm', 'install', 'csscomb', '-g' ]
2 info using npm@2.7.4
3 info using node@v0.12.2
4 silly cache add args [ 'csscomb', null ]
5 verbose cache add spec csscomb
6 silly cache add parsed spec { raw: 'csscomb',
6 silly cache add   scope: null,
6 silly cache add   name: 'csscomb',
6 silly cache add   rawSpec: '',
6 silly cache add   spec: '*',
6 silly cache add   type: 'range' }
7 verbose addNamed csscomb@*
8 silly addNamed semver.valid null
9 silly addNamed semver.validRange *
10 silly addNameRange { name: 'csscomb', range: '*', hasData: false }
11 silly mapToRegistry name csscomb
12 silly mapToRegistry using default registry
13 silly mapToRegistry registry https://registry.npmjs.org/
14 silly mapToRegistry uri https://registry.npmjs.org/csscomb
15 verbose addNameRange registry:https://registry.npmjs.org/csscomb not in flight; fetching
16 verbose request uri https://registry.npmjs.org/csscomb
17 verbose request no auth needed
18 info attempt registry request try #1 at 3:51:03 PM
19 verbose request id 9d842048c9e6433b
20 verbose etag "BVUZ79HXW9PR3M0KKCXNKP20L"
21 http request GET https://registry.npmjs.org/csscomb
22 http 304 https://registry.npmjs.org/csscomb
23 silly get cb [ 304,
23 silly get   { date: 'Fri, 22 May 2015 06:51:02 GMT',
23 silly get     via: '1.1 varnish',
23 silly get     'cache-control': 'max-age=60',
23 silly get     etag: '"BVUZ79HXW9PR3M0KKCXNKP20L"',
23 silly get     age: '26',
23 silly get     connection: 'keep-alive',
23 silly get     'x-served-by': 'cache-nrt6135-NRT',
23 silly get     'x-cache': 'HIT',
23 silly get     'x-cache-hits': '1',
23 silly get     'x-timer': 'S1432277462.635751,VS0,VE16',
23 silly get     vary: 'Accept' } ]
24 verbose etag https://registry.npmjs.org/csscomb from cache
25 verbose get saving csscomb to /Users/jackass91/.npm/registry.npmjs.org/csscomb/.cache.json
26 silly addNameRange number 2 { name: 'csscomb', range: '*', hasData: true }
27 silly addNameRange versions [ 'csscomb',
27 silly addNameRange   [ '0.0.0',
27 silly addNameRange     '0.0.3',
27 silly addNameRange     '0.0.4',
27 silly addNameRange     '0.0.5',
27 silly addNameRange     '0.0.6',
27 silly addNameRange     '0.0.7',
27 silly addNameRange     '0.0.8',
27 silly addNameRange     '0.0.9',
27 silly addNameRange     '0.0.10',
27 silly addNameRange     '0.0.11',
27 silly addNameRange     '0.0.12',
27 silly addNameRange     '0.0.13',
27 silly addNameRange     '0.0.14',
27 silly addNameRange     '0.0.15',
27 silly addNameRange     '0.1.0',
27 silly addNameRange     '1.0.0',
27 silly addNameRange     '2.0.0',
27 silly addNameRange     '2.0.1',
27 silly addNameRange     '2.0.3',
27 silly addNameRange     '2.0.4',
27 silly addNameRange     '2.0.5',
27 silly addNameRange     '3.0.0-1',
27 silly addNameRange     '3.0.0-2',
27 silly addNameRange     '3.0.0-3',
27 silly addNameRange     '3.0.0-4',
27 silly addNameRange     '3.0.0-5',
27 silly addNameRange     '3.0.0',
27 silly addNameRange     '3.0.1',
27 silly addNameRange     '3.0.2',
27 silly addNameRange     '3.0.3',
27 silly addNameRange     '3.0.4',
27 silly addNameRange     '3.1.0',
27 silly addNameRange     '3.1.1',
27 silly addNameRange     '3.1.2',
27 silly addNameRange     '3.1.3' ] ]
28 verbose addNamed csscomb@3.1.3
29 silly addNamed semver.valid 3.1.3
30 silly addNamed semver.validRange 3.1.3
31 silly cache afterAdd csscomb@3.1.3
32 verbose afterAdd /Users/jackass91/.npm/csscomb/3.1.3/package/package.json not in flight; writing
33 verbose afterAdd /Users/jackass91/.npm/csscomb/3.1.3/package/package.json written
34 silly install resolved [ { name: 'csscomb',
34 silly install resolved     description: 'CSS coding style formatter',
34 silly install resolved     version: '3.1.3',
34 silly install resolved     homepage: 'http://csscomb.com/',
34 silly install resolved     author: { name: 'Mikhail Troshev', email: 'mishanga@yandex-team.ru' },
34 silly install resolved     repository: { type: 'git', url: 'https://github.com/csscomb/csscomb.js' },
34 silly install resolved     maintainers: [ [Object], [Object], [Object], [Object] ],
34 silly install resolved     contributors: [ [Object], [Object], [Object], [Object], [Object] ],
34 silly install resolved     engines: { node: '>= 0.10.0' },
34 silly install resolved     dependencies:
34 silly install resolved      { commander: '2.0.0',
34 silly install resolved        'csscomb-core': '~3.0.0-1',
34 silly install resolved        'gonzales-pe': '~3.0.0-10',
34 silly install resolved        vow: '0.4.4' },
34 silly install resolved     devDependencies:
34 silly install resolved      { 'jshint-groups': '0.5.3',
34 silly install resolved        jshint: '2.3.0',
34 silly install resolved        jscs: '1.4.5',
34 silly install resolved        mocha: '1.20.1' },
34 silly install resolved     main: './lib/csscomb.js',
34 silly install resolved     files: [ 'bin', 'config', 'lib' ],
34 silly install resolved     bin: { csscomb: './bin/csscomb' },
34 silly install resolved     scripts:
34 silly install resolved      { test: 'jshint-groups && ./node_modules/.bin/jscs . && node test/mocha',
34 silly install resolved        'test-cov': 'rm -rf lib-cov && jscoverage lib lib-cov && TEST_COV=true node test/mocha > ./test/test-coverage.html' },
34 silly install resolved     gitHead: 'd84f7dae351c27dbffdcb341ad74e620345cea09',
34 silly install resolved     bugs: { url: 'https://github.com/csscomb/csscomb.js/issues' },
34 silly install resolved     _id: 'csscomb@3.1.3',
34 silly install resolved     _shasum: '67bd0afb1ed01fcac42c95f26ff5ab163ba8e820',
34 silly install resolved     _from: 'csscomb@*',
34 silly install resolved     _npmVersion: '2.0.0-beta.0',
34 silly install resolved     _npmUser: { name: 'tonyganch', email: 'tonyganch+github@gmail.com' },
34 silly install resolved     dist:
34 silly install resolved      { shasum: '67bd0afb1ed01fcac42c95f26ff5ab163ba8e820',
34 silly install resolved        tarball: 'http://registry.npmjs.org/csscomb/-/csscomb-3.1.3.tgz' },
34 silly install resolved     directories: {},
34 silly install resolved     _resolved: 'https://registry.npmjs.org/csscomb/-/csscomb-3.1.3.tgz',
34 silly install resolved     readme: 'ERROR: No README data found!' } ]
35 info install csscomb@3.1.3 into /usr/local/lib
36 info installOne csscomb@3.1.3
37 verbose installOne of csscomb to /usr/local/lib not in flight; installing
38 warn locking Error: EACCES, open '/Users/jackass91/.npm/_locks/csscomb-f0cdf788c74bcfdb.lock'
38 warn locking     at Error (native)
38 warn locking  /Users/jackass91/.npm/_locks/csscomb-f0cdf788c74bcfdb.lock failed { [Error: EACCES, open '/Users/jackass91/.npm/_locks/csscomb-f0cdf788c74bcfdb.lock']
38 warn locking   errno: -13,
38 warn locking   code: 'EACCES',
38 warn locking   path: '/Users/jackass91/.npm/_locks/csscomb-f0cdf788c74bcfdb.lock' }
39 verbose stack Error: Attempt to unlock /usr/local/lib/node_modules/csscomb, which hasn't been locked
39 verbose stack     at unlock (/usr/local/lib/node_modules/npm/lib/utils/locker.js:66:11)
39 verbose stack     at cb (/usr/local/lib/node_modules/npm/lib/install.js:1004:5)
39 verbose stack     at /usr/local/lib/node_modules/npm/lib/install.js:1008:20
39 verbose stack     at /usr/local/lib/node_modules/npm/lib/utils/locker.js:40:9
39 verbose stack     at cb (/usr/local/lib/node_modules/npm/node_modules/lockfile/lockfile.js:149:38)
39 verbose stack     at /usr/local/lib/node_modules/npm/node_modules/lockfile/lockfile.js:177:38
39 verbose stack     at FSReqWrap.oncomplete (fs.js:95:15)
40 verbose cwd /Users/jackass91/Desktop/meteor-shine
41 error Darwin 14.3.0
42 error argv "node" "/usr/local/bin/npm" "install" "csscomb" "-g"
43 error node v0.12.2
44 error npm  v2.7.4
45 error Attempt to unlock /usr/local/lib/node_modules/csscomb, which hasn't been locked
46 error If you need help, you may report this error at:
46 error     <https://github.com/npm/npm/issues>
47 verbose exit [ 1, true ]
