0 info it worked if it ends with ok
1 verbose cli [ 'node', '/usr/local/bin/npm', 'install', 'fibers@1.0.1', '-g' ]
2 info using npm@2.7.4
3 info using node@v0.12.2
4 silly cache add args [ 'fibers@1.0.1', null ]
5 verbose cache add spec fibers@1.0.1
6 silly cache add parsed spec { raw: 'fibers@1.0.1',
6 silly cache add   scope: null,
6 silly cache add   name: 'fibers',
6 silly cache add   rawSpec: '1.0.1',
6 silly cache add   spec: '1.0.1',
6 silly cache add   type: 'version' }
7 verbose addNamed fibers@1.0.1
8 silly addNamed semver.valid 1.0.1
9 silly addNamed semver.validRange 1.0.1
10 silly mapToRegistry name fibers
11 silly mapToRegistry using default registry
12 silly mapToRegistry registry https://registry.npmjs.org/
13 silly mapToRegistry uri https://registry.npmjs.org/fibers
14 verbose addNameVersion registry:https://registry.npmjs.org/fibers not in flight; fetching
15 verbose request uri https://registry.npmjs.org/fibers
16 verbose request no auth needed
17 info attempt registry request try #1 at 3:08:41 AM
18 verbose request id 4fdd5b9608f04798
19 http request GET https://registry.npmjs.org/fibers
20 http 200 https://registry.npmjs.org/fibers
21 silly get cb [ 200,
21 silly get   { server: 'CouchDB/1.5.0 (Erlang OTP/R16B03)',
21 silly get     etag: '"13R1F7WLDHAHUQC82VVDAJQYW"',
21 silly get     'content-type': 'application/json',
21 silly get     'cache-control': 'max-age=60',
21 silly get     'content-length': '51701',
21 silly get     'accept-ranges': 'bytes',
21 silly get     date: 'Mon, 18 May 2015 18:08:41 GMT',
21 silly get     via: '1.1 varnish',
21 silly get     age: '0',
21 silly get     connection: 'keep-alive',
21 silly get     'x-served-by': 'cache-nrt6129-NRT',
21 silly get     'x-cache': 'HIT',
21 silly get     'x-cache-hits': '1',
21 silly get     'x-timer': 'S1431972521.594119,VS0,VE103',
21 silly get     vary: 'Accept' } ]
22 verbose get saving fibers to /Users/jackass91/.npm/registry.npmjs.org/fibers/.cache.json
23 silly mapToRegistry name fibers
24 silly mapToRegistry using default registry
25 silly mapToRegistry registry https://registry.npmjs.org/
26 silly mapToRegistry uri https://registry.npmjs.org/fibers
27 verbose addRemoteTarball https://registry.npmjs.org/fibers/-/fibers-1.0.1.tgz not in flight; adding
28 verbose addRemoteTarball [ 'https://registry.npmjs.org/fibers/-/fibers-1.0.1.tgz',
28 verbose addRemoteTarball   '6c4cb3b3815176fc4aad821df67442d8185d7a66' ]
29 info retry fetch attempt 1 at 3:08:41 AM
30 info attempt registry request try #1 at 3:08:41 AM
31 http fetch GET https://registry.npmjs.org/fibers/-/fibers-1.0.1.tgz
32 http fetch 200 https://registry.npmjs.org/fibers/-/fibers-1.0.1.tgz
33 silly fetchAndShaCheck shasum 6c4cb3b3815176fc4aad821df67442d8185d7a66
34 verbose addTmpTarball /tmp/npm-4672-b96e42a7/registry.npmjs.org/fibers/-/fibers-1.0.1.tgz not in flight; adding
35 verbose addTmpTarball already have metadata; skipping unpack for fibers@1.0.1
36 silly cache afterAdd fibers@1.0.1
37 verbose afterAdd /Users/jackass91/.npm/fibers/1.0.1/package/package.json not in flight; writing
38 verbose afterAdd /Users/jackass91/.npm/fibers/1.0.1/package/package.json written
39 silly install resolved [ { name: 'fibers',
39 silly install resolved     version: '1.0.1',
39 silly install resolved     description: 'Cooperative multi-tasking for Javascript',
39 silly install resolved     keywords:
39 silly install resolved      [ 'fiber',
39 silly install resolved        'fibers',
39 silly install resolved        'coroutine',
39 silly install resolved        'thread',
39 silly install resolved        'async',
39 silly install resolved        'parallel',
39 silly install resolved        'worker',
39 silly install resolved        'future',
39 silly install resolved        'promise' ],
39 silly install resolved     homepage: 'https://github.com/laverdet/node-fibers',
39 silly install resolved     author:
39 silly install resolved      { name: 'Marcel Laverdet',
39 silly install resolved        email: 'marcel@laverdet.com',
39 silly install resolved        url: 'https://github.com/laverdet/' },
39 silly install resolved     main: 'fibers',
39 silly install resolved     scripts: { install: 'node ./build.js', test: 'node ./test.js' },
39 silly install resolved     repository:
39 silly install resolved      { type: 'git',
39 silly install resolved        url: 'git://github.com/laverdet/node-fibers.git' },
39 silly install resolved     engines: { node: '>=0.5.2' },
39 silly install resolved     _id: 'fibers@1.0.1',
39 silly install resolved     dist:
39 silly install resolved      { shasum: '6c4cb3b3815176fc4aad821df67442d8185d7a66',
39 silly install resolved        tarball: 'http://registry.npmjs.org/fibers/-/fibers-1.0.1.tgz' },
39 silly install resolved     _from: 'fibers@1.0.1',
39 silly install resolved     _npmVersion: '1.2.18',
39 silly install resolved     _npmUser: { name: 'laverdet', email: 'marcel.npm@laverdet.com' },
39 silly install resolved     maintainers: [ [Object] ],
39 silly install resolved     directories: {},
39 silly install resolved     _shasum: '6c4cb3b3815176fc4aad821df67442d8185d7a66',
39 silly install resolved     _resolved: 'https://registry.npmjs.org/fibers/-/fibers-1.0.1.tgz' } ]
40 info install fibers@1.0.1 into /usr/local/lib
41 info installOne fibers@1.0.1
42 verbose installOne of fibers to /usr/local/lib not in flight; installing
43 verbose lock using /Users/jackass91/.npm/_locks/fibers-fcbbd01f86cc2f9c.lock for /usr/local/lib/node_modules/fibers
44 silly install write writing fibers 1.0.1 to /usr/local/lib/node_modules/fibers
45 silly cache addNamed cb fibers@1.0.1
46 verbose unbuild lib/node_modules/fibers
47 silly gentlyRm /usr/local/lib/node_modules/fibers is being purged from base /usr/local
48 verbose gentlyRm don't care about contents; nuking /usr/local/lib/node_modules/fibers
49 verbose tar unpack /Users/jackass91/.npm/fibers/1.0.1/package.tgz
50 verbose tar unpacking to /usr/local/lib/node_modules/fibers
51 silly gentlyRm /usr/local/lib/node_modules/fibers is being purged
52 verbose gentlyRm don't care about contents; nuking /usr/local/lib/node_modules/fibers
53 silly gunzTarPerm modes [ '755', '644' ]
54 silly gunzTarPerm extractEntry package.json
55 silly gunzTarPerm extractEntry .npmignore
56 silly gunzTarPerm extractEntry README.md
57 silly gunzTarPerm extractEntry LICENSE
58 silly gunzTarPerm extractEntry fibers.js
59 silly gunzTarPerm extractEntry future.js
60 silly gunzTarPerm extractEntry build.js
61 silly gunzTarPerm extractEntry quick-test.js
62 silly gunzTarPerm extractEntry test.js
63 silly gunzTarPerm extractEntry bin/.npmignore
64 silly gunzTarPerm extractEntry bin/win32-x64-v8-3.6/fibers.node
65 silly gunzTarPerm extractEntry bin/darwin-ia32-v8-3.6/fibers.node
66 silly gunzTarPerm extractEntry bin/darwin-x64-v8-3.11/fibers.node
67 silly gunzTarPerm extractEntry bin/darwin-x64-v8-3.6/fibers.node
68 silly gunzTarPerm extractEntry bin/linux-ia32-v8-3.11/fibers.node
69 silly gunzTarPerm extractEntry bin/linux-ia32-v8-3.14/fibers.node
70 silly gunzTarPerm extractEntry bin/linux-ia32-v8-3.6/fibers.node
71 silly gunzTarPerm extractEntry bin/darwin-ia32-v8-3.11/fibers.node
72 silly gunzTarPerm extractEntry bin/linux-x64-v8-3.14/fibers.node
73 silly gunzTarPerm extractEntry bin/linux-x64-v8-3.6/fibers.node
74 silly gunzTarPerm extractEntry bin/win32-ia32-v8-3.11/fibers.node
75 silly gunzTarPerm extractEntry bin/win32-ia32-v8-3.14/fibers.node
76 silly gunzTarPerm extractEntry bin/win32-ia32-v8-3.6/fibers.node
77 silly gunzTarPerm extractEntry bin/win32-x64-v8-3.11/fibers.node
78 silly gunzTarPerm extractEntry bin/win32-x64-v8-3.14/fibers.node
79 silly gunzTarPerm extractEntry bin/linux-x64-v8-3.11/fibers.node
80 silly gunzTarPerm extractEntry binding.gyp
81 silly gunzTarPerm extractEntry src/coroutine.cc
82 silly gunzTarPerm extractEntry src/coroutine.h
83 silly gunzTarPerm extractEntry src/fibers.cc
84 silly gunzTarPerm extractEntry src/libcoro/README
85 silly gunzTarPerm extractEntry src/libcoro/LICENSE
86 silly gunzTarPerm extractEntry src/libcoro/conftest.c
87 silly gunzTarPerm extractEntry src/libcoro/coro.c
88 silly gunzTarPerm extractEntry src/libcoro/coro.h
89 silly gunzTarPerm extractEntry test/already-running.js
90 silly gunzTarPerm extractEntry test/exit.js
91 silly gunzTarPerm extractEntry test/fibonacci.js
92 silly gunzTarPerm extractEntry test/finish-multiple.js
93 silly gunzTarPerm extractEntry test/exec.js
94 silly gunzTarPerm extractEntry test/future.js
95 silly gunzTarPerm extractEntry test/illegal-yield.js
96 silly gunzTarPerm extractEntry test/pool.js
97 silly gunzTarPerm extractEntry test/process-title.js
98 silly gunzTarPerm extractEntry test/stack-overflow.js
99 silly gunzTarPerm extractEntry test/current.js
100 silly gunzTarPerm extractEntry test/stack-overflow2.js
101 silly gunzTarPerm extractEntry test/child-process.js
102 silly gunzTarPerm extractEntry test/started.js
103 silly gunzTarPerm extractEntry test/bad-context.js
104 silly gunzTarPerm extractEntry test/unwind.js
105 silly gunzTarPerm extractEntry test/future-exception.js
106 info preinstall fibers@1.0.1
107 silly install resolved []
108 verbose about to build /usr/local/lib/node_modules/fibers
109 info build /usr/local/lib/node_modules/fibers
110 verbose linkStuff [ true,
110 verbose linkStuff   '/usr/local/lib/node_modules',
110 verbose linkStuff   true,
110 verbose linkStuff   '/usr/local/lib/node_modules' ]
111 info linkStuff fibers@1.0.1
112 verbose linkBins fibers@1.0.1
113 verbose linkMans fibers@1.0.1
114 verbose rebuildBundles fibers@1.0.1
115 info install fibers@1.0.1
116 verbose unsafe-perm in lifecycle false
117 info fibers@1.0.1 Failed to exec install script
118 verbose unlock done using /Users/jackass91/.npm/_locks/fibers-fcbbd01f86cc2f9c.lock for /usr/local/lib/node_modules/fibers
119 verbose stack Error: fibers@1.0.1 install: `node ./build.js`
119 verbose stack Exit status 1
119 verbose stack     at EventEmitter.<anonymous> (/usr/local/lib/node_modules/npm/lib/utils/lifecycle.js:213:16)
119 verbose stack     at EventEmitter.emit (events.js:110:17)
119 verbose stack     at ChildProcess.<anonymous> (/usr/local/lib/node_modules/npm/lib/utils/spawn.js:14:12)
119 verbose stack     at ChildProcess.emit (events.js:110:17)
119 verbose stack     at maybeClose (child_process.js:1015:16)
119 verbose stack     at Process.ChildProcess._handle.onexit (child_process.js:1087:5)
120 verbose pkgid fibers@1.0.1
121 verbose cwd /Users/jackass91/Desktop/meteor-shine/apps/front
122 error Darwin 14.3.0
123 error argv "node" "/usr/local/bin/npm" "install" "fibers@1.0.1" "-g"
124 error node v0.12.2
125 error npm  v2.7.4
126 error code ELIFECYCLE
127 error fibers@1.0.1 install: `node ./build.js`
127 error Exit status 1
128 error Failed at the fibers@1.0.1 install script 'node ./build.js'.
128 error This is most likely a problem with the fibers package,
128 error not with npm itself.
128 error Tell the author that this fails on your system:
128 error     node ./build.js
128 error You can get their info via:
128 error     npm owner ls fibers
128 error There is likely additional logging output above.
129 verbose exit [ 1, true ]
130 verbose unbuild lib/node_modules/fibers
131 info preuninstall fibers@1.0.1
132 info uninstall fibers@1.0.1
133 verbose unbuild rmStuff fibers@1.0.1 from /usr/local/lib/node_modules
134 info postuninstall fibers@1.0.1
135 silly gentlyRm /usr/local/lib/node_modules/fibers is being purged from base /usr/local
136 verbose gentlyRm don't care about contents; nuking /usr/local/lib/node_modules/fibers
137 silly vacuum-fs purging /usr/local/lib/node_modules/fibers
138 silly vacuum-fs quitting because other entries in /usr/local/lib/node_modules
